<?xml version="1.0" encoding="UTF-8"?>
<testng-results total="2" passed="2" failed="0" skipped="0">
  <reporter-output>
  </reporter-output>
  <suite started-at="2023-12-01T05:32:40Z" name="Suite1" finished-at="2023-12-01T05:32:59Z" duration-ms="19444">
    <groups>
    </groups>
    <test started-at="2023-12-01T05:32:40Z" name="Default test" finished-at="2023-12-01T05:32:59Z" duration-ms="19444">
      <class name="com.hrms.testscripts.TC001">
        <test-method signature="tc001()[pri:0, instance:com.hrms.testscripts.TC001@36916eb0]" started-at="2023-12-01T11:02:40Z" name="tc001" finished-at="2023-12-01T11:02:53Z" duration-ms="13375" status="PASS">
          <reporter-output>
          </reporter-output>
        </test-method> <!-- tc001 -->
      </class> <!-- com.hrms.testscripts.TC001 -->
      <class name="com.hrms.testscripts.TC102">
        <test-method signature="tc102()[pri:0, instance:com.hrms.testscripts.TC102@82de64a]" started-at="2023-12-01T11:02:53Z" name="tc102" finished-at="2023-12-01T11:02:59Z" duration-ms="6025" status="PASS">
          <reporter-output>
          </reporter-output>
        </test-method> <!-- tc102 -->
      </class> <!-- com.hrms.testscripts.TC102 -->
    </test> <!-- Default test -->
  </suite> <!-- Suite1 -->
</testng-results>
